[2017-05-02 19:12:09]	Open file failed 
[2017-05-02 19:12:10]	?????????
[2017-05-02 19:12:18]	Open file failed 
[2017-05-02 19:12:18]	手机版
[2017-05-02 19:12:19]	Open file failed 
[2017-05-02 19:12:19]	?????????????_????????e_??????
[2017-05-02 19:12:20]	Open file failed 
[2017-05-02 19:12:20]	???????????????_???????_??????
[2017-05-02 19:12:22]	Open file failed 
[2017-05-02 19:12:22]	新浪财经客户端下载
[2017-05-02 19:12:28]	Open file failed 
[2017-05-02 19:12:28]	新浪港股
[2017-05-02 19:12:29]	Open file failed 
[2017-05-02 19:12:29]	???????????
[2017-05-02 19:12:30]	Open file failed 
[2017-05-02 19:12:30]	天气通-官网
[2017-05-02 19:12:31]	Open file failed 
[2017-05-02 19:12:31]	新浪游戏下载
[2017-05-02 19:12:32]	Open file failed 
[2017-05-02 19:12:32]	新浪博客首页_新浪网
[2017-05-02 19:12:34]	Open file failed 
[2017-05-02 19:12:34]	新浪邮箱
[2017-05-02 19:12:34]	Open file failed 
[2017-05-02 19:12:34]	新浪网站导航_新浪网
[2017-05-02 19:12:35]	Open file failed 
[2017-05-02 19:12:35]	新浪首页
[2017-05-02 19:12:37]	Open file failed 
[2017-05-02 19:12:37]	???????????_????????_??????
[2017-05-02 19:12:38]	Open file failed 
[2017-05-02 19:12:38]	网络举报 APP下载_违法和不良信息举报中心
[2017-05-02 19:12:40]	Open file failed 
[2017-05-02 19:12:40]	举报入口_违法和不良信息举报中心
[2017-05-02 19:12:43]	Open file failed 
[2017-05-02 19:12:43]	举报入口_违法和不良信息举报中心
[2017-05-02 19:12:44]	Open file failed 
[2017-05-02 19:12:44]	???????????????????
[2017-05-02 19:12:45]	Open file failed 
[2017-05-02 19:12:45]	新闻中心首页_新浪网
[2017-05-02 19:12:46]	Open file failed 
[2017-05-02 19:12:46]	军事频道_最多军迷首选的军事门户_新浪网
[2017-05-02 19:12:46]	Open file failed 
[2017-05-02 19:12:46]	社会新闻_新闻中心_新浪网
[2017-05-02 19:12:47]	Open file failed 
[2017-05-02 19:12:47]	国际新闻_中国最大的24小时原创国际资讯平台_新闻中心_新浪网
[2017-05-02 19:12:48]	Open file failed 
[2017-05-02 19:12:48]	新浪财经_新浪网
[2017-05-02 19:12:49]	Open file failed 
[2017-05-02 19:12:49]	股票首页_新浪财经_新浪网
[2017-05-02 19:12:50]	Open file failed 
[2017-05-02 19:12:50]	基金首页_新浪财经_新浪网
[2017-05-02 19:12:51]	Open file failed 
[2017-05-02 19:12:51]	新浪外汇_新浪财经_新浪网
[2017-05-02 19:12:51]	Open file failed 
[2017-05-02 19:12:51]	新浪科技_新浪网
[2017-05-02 19:12:53]	Open file failed 
[2017-05-02 19:12:53]	手机_新浪科技_新浪网
[2017-05-02 19:12:53]	Open file failed 
[2017-05-02 19:12:53]	科学探索_新浪科技_新浪网
[2017-05-02 19:12:54]	Open file failed 
[2017-05-02 19:12:54]	首页 - 新浪众测
[2017-05-02 19:12:55]	Open file failed 
[2017-05-02 19:12:55]	新浪体育_新浪网
[2017-05-02 19:12:56]	Open file failed 
[2017-05-02 19:12:56]	NBA|新浪NBA|新浪竞技风暴_新浪网
[2017-05-02 19:12:57]	Open file failed 
[2017-05-02 19:12:57]	英超|英超联赛|英超直播|英超新闻_新浪竞技风暴_新浪网
[2017-05-02 19:12:59]	Open file failed 
[2017-05-02 19:12:59]	中超联赛_中国足球_体育频道_新浪网
