[2017-05-25 00:03:07]	Cannot open file 
[2017-05-25 00:03:07]	E:\Sunny\Documents\Visual Studio 2017\Projects\Search_Core\Search_Core\Data\KeyBlackList.pdat
[2017-05-25 00:03:56]	Cannot open file 
[2017-05-25 00:03:56]	E:\Sunny\Documents\Visual Studio 2017\Projects\Search_Core\Search_Core\Data\KeyBlackList.pdat
[2017-05-25 00:04:13]	Cannot open file 
[2017-05-25 00:04:13]	E:\Sunny\Documents\Visual Studio 2017\Projects\Search_Core\Search_Core\Data\KeyBlackList.pdat
[2017-05-25 00:06:05]	Cannot open file 
[2017-05-25 00:06:05]	E:\Sunny\Documents\Visual Studio 2017\Projects\Search_Core\Search_Core\Data\KeyBlackList.pdat
[2017-05-25 00:54:53]	Cannot open file 
[2017-05-25 00:54:53]	E:\Sunny\Documents\Visual Studio 2017\Projects\Search_Core\Search_Core\Data\KeyBlackList.pdat
[2017-05-25 01:02:23]	Cannot open file 
[2017-05-25 01:02:23]	E:\Sunny\Documents\Visual Studio 2017\Projects\Search_Core\Search_Core\Data\KeyBlackList.pdat
[2017-05-25 01:19:04]	Cannot open file 
[2017-05-25 01:19:04]	E:\Sunny\Documents\Visual Studio 2017\Projects\Search_Core\Search_Core\Data\KeyBlackList.pdat
[2017-05-25 15:26:03]	Cannot open file 
[2017-05-25 15:26:03]	E:\Sunny\Documents\Visual Studio 2017\Projects\Search_Core\Search_Core\Data\KeyBlackList.pdat
[2017-05-25 15:26:19]	Cannot open file 
[2017-05-25 15:26:19]	E:\Sunny\Documents\Visual Studio 2017\Projects\Search_Core\Search_Core\Data\KeyBlackList.pdat
[2017-05-25 15:35:39]	Cannot open file 
[2017-05-25 15:35:39]	E:\Sunny\Documents\Visual Studio 2017\Projects\Search_Core\Release\Search_Kernel\Data\KeyBlackList.pdat
[2017-05-25 17:45:29]	Cannot open file 
[2017-05-25 17:45:29]	E:\Sunny\Documents\Visual Studio 2017\Projects\Search_Core\Release\Data\KeyBlackList.pdat
[2017-05-25 20:07:18]	Cannot open file 
[2017-05-25 20:07:18]	E:\Sunny\Documents\Visual Studio 2017\Projects\Search_Core\Release\Data\KeyBlackList.pdat
[2017-05-25 22:44:54]	Cannot open file 
[2017-05-25 22:44:54]	E:\Sunny\Documents\Visual Studio 2017\Projects\Search_Core\Release\Data\KeyBlackList.pdat
[2017-05-25 22:45:06]	Cannot open file 
[2017-05-25 22:45:06]	E:\Sunny\Documents\Visual Studio 2017\Projects\Search_Core\Release\Data\KeyBlackList.pdat
[2017-05-25 22:46:44]	Cannot open file 
[2017-05-25 22:46:44]	E:\Search_Kernel\Server\Data\KeyBlackList.pdat
[2017-05-25 22:48:54]	Cannot open file 
[2017-05-25 22:48:54]	D:\wamp64\www\Server\Data\KeyBlackList.pdat
[2017-05-25 22:48:58]	Cannot open file 
[2017-05-25 22:48:58]	D:\wamp64\www\Server\Data\KeyBlackList.pdat
[2017-05-25 22:54:37]	Cannot open file 
[2017-05-25 22:54:37]	D:\wamp64\www\Server\Data\KeyBlackList.pdat
[2017-05-25 22:56:14]	Cannot open file 
[2017-05-25 22:56:14]	D:\wamp64\www\Server\Data\KeyBlackList.pdat
[2017-05-25 22:58:31]	Cannot open file 
[2017-05-25 22:58:31]	D:\wamp64\www\Server\Data\KeyBlackList.pdat
[2017-05-25 23:16:31]	Cannot open file 
[2017-05-25 23:16:31]	D:\wamp64\www\Server\Data\KeyBlackList.pdat
[2017-05-25 23:19:57]	Cannot open file 
[2017-05-25 23:19:57]	D:\wamp64\www\Server\Data\KeyBlackList.pdat
[2017-05-25 23:20:20]	Cannot open file 
[2017-05-25 23:20:20]	D:\wamp64\www\Server\Data\KeyBlackList.pdat
